build/app/intermediates/manifest_merge_blame_file/release/manifest-merger-blame-release-report.txt
1<?xml version="1.0" encoding="utf-8"?>
2<manifest xmlns:android="http://schemas.android.com/apk/res/android"
3    package="estibafy.com.estibafy_user"
4    android:versionCode="3"
5    android:versionName="1.0.0" >
6
7    <uses-sdk
8        android:minSdkVersion="22"
8-->src/main/AndroidManifest.xml
9        android:targetSdkVersion="31" />
9-->src/main/AndroidManifest.xml
10
11    <uses-permission android:name="android.permission.INTERNET" />
11-->src/main/AndroidManifest.xml:3:5-66
11-->src/main/AndroidManifest.xml:3:22-64
12    <uses-permission android:name="android.permission.ACCESS_FINE_LOCATION" />
12-->src/main/AndroidManifest.xml:4:5-78
12-->src/main/AndroidManifest.xml:4:22-76
13    <uses-permission android:name="android.permission.ACCESS_COARSE_LOCATION" />
13-->src/main/AndroidManifest.xml:5:5-80
13-->src/main/AndroidManifest.xml:5:22-78
14    <uses-permission android:name="android.permission.ACCESS_NETWORK_STATE" />
14-->src/main/AndroidManifest.xml:6:5-79
14-->src/main/AndroidManifest.xml:6:22-76
15
16    <!-- Provide required visibility configuration for API level 30 and above -->
17    <queries>
17-->src/main/AndroidManifest.xml:9:5-22:15
18        <intent>
18-->src/main/AndroidManifest.xml:10:9-13:18
19            <action android:name="android.intent.action.VIEW" />
19-->src/main/AndroidManifest.xml:11:13-65
19-->src/main/AndroidManifest.xml:11:21-62
20
21            <data android:scheme="https" />
21-->src/main/AndroidManifest.xml:12:13-44
21-->src/main/AndroidManifest.xml:12:19-41
22        </intent>
23        <intent>
23-->src/main/AndroidManifest.xml:14:9-17:18
24            <action android:name="android.intent.action.DIAL" />
24-->src/main/AndroidManifest.xml:15:13-65
24-->src/main/AndroidManifest.xml:15:21-62
25
26            <data android:scheme="tel" />
26-->src/main/AndroidManifest.xml:12:13-44
26-->src/main/AndroidManifest.xml:12:19-41
27        </intent>
28        <intent>
28-->src/main/AndroidManifest.xml:18:9-21:18
29            <action android:name="android.intent.action.SENDTO" />
29-->src/main/AndroidManifest.xml:19:13-67
29-->src/main/AndroidManifest.xml:19:21-64
30
31            <data android:scheme="smsto" />
31-->src/main/AndroidManifest.xml:12:13-44
31-->src/main/AndroidManifest.xml:12:19-41
32        </intent>
33        <!-- Needs to be explicitly declared on Android R+ -->
34        <package android:name="com.google.android.apps.maps" />
34-->[com.google.android.gms:play-services-maps:18.0.2] AndroidManifest.xml:33:9-64
34-->[com.google.android.gms:play-services-maps:18.0.2] AndroidManifest.xml:33:18-61
35    </queries>
36
37    <uses-permission android:name="android.permission.WAKE_LOCK" />
37-->[:firebase_messaging] AndroidManifest.xml:10:5-68
37-->[:firebase_messaging] AndroidManifest.xml:10:22-65
38    <uses-permission android:name="android.permission.FOREGROUND_SERVICE" />
38-->[:geolocator_android] AndroidManifest.xml:9:5-77
38-->[:geolocator_android] AndroidManifest.xml:9:22-74
39    <uses-permission android:name="android.permission.RECEIVE_BOOT_COMPLETED" />
39-->[:flutter_local_notifications] AndroidManifest.xml:9:5-81
39-->[:flutter_local_notifications] AndroidManifest.xml:9:22-78
40    <uses-permission android:name="android.permission.VIBRATE" />
40-->[:flutter_local_notifications] AndroidManifest.xml:10:5-66
40-->[:flutter_local_notifications] AndroidManifest.xml:10:22-63
41    <uses-permission android:name="android.permission.USE_FULL_SCREEN_INTENT" />
41-->[:flutter_local_notifications] AndroidManifest.xml:11:5-81
41-->[:flutter_local_notifications] AndroidManifest.xml:11:22-78
42    <uses-permission android:name="android.permission.SCHEDULE_EXACT_ALARM" />
42-->[:flutter_local_notifications] AndroidManifest.xml:12:5-79
42-->[:flutter_local_notifications] AndroidManifest.xml:12:22-76
43    <uses-permission android:name="android.permission.POST_NOTIFICATIONS" />
43-->[:flutter_local_notifications] AndroidManifest.xml:13:5-77
43-->[:flutter_local_notifications] AndroidManifest.xml:13:22-74
44    <uses-permission android:name="android.permission.REQUEST_INSTALL_PACKAGES" />
44-->[:open_file] AndroidManifest.xml:10:5-83
44-->[:open_file] AndroidManifest.xml:10:22-80
45    <uses-permission android:name="android.permission.READ_EXTERNAL_STORAGE" /> <!-- Required by older versions of Google Play services to create IID tokens -->
45-->[:open_file] AndroidManifest.xml:11:5-80
45-->[:open_file] AndroidManifest.xml:11:22-77
46    <uses-permission android:name="com.google.android.c2dm.permission.RECEIVE" />
46-->[com.google.firebase:firebase-messaging:23.0.7] AndroidManifest.xml:29:5-82
46-->[com.google.firebase:firebase-messaging:23.0.7] AndroidManifest.xml:29:22-79
47
48    <uses-feature
48-->[com.google.android.gms:play-services-maps:18.0.2] AndroidManifest.xml:26:5-28:35
49        android:glEsVersion="0x00020000"
49-->[com.google.android.gms:play-services-maps:18.0.2] AndroidManifest.xml:27:9-41
50        android:required="true" />
50-->[com.google.android.gms:play-services-maps:18.0.2] AndroidManifest.xml:28:9-32
51
52    <application
53        android:name="android.app.Application"
53-->src/main/AndroidManifest.xml:26:9-42
54        android:appComponentFactory="androidx.core.app.CoreComponentFactory"
54-->[androidx.core:core:1.8.0] AndroidManifest.xml:24:18-86
55        android:icon="@mipmap/ic_launcher"
55-->src/main/AndroidManifest.xml:27:9-43
56        android:label="Estibafy User" >
56-->src/main/AndroidManifest.xml:25:9-38
57        <meta-data
57-->src/main/AndroidManifest.xml:28:8-29:69
58            android:name="com.google.android.geo.API_KEY"
58-->src/main/AndroidManifest.xml:28:19-64
59            android:value="AIzaSyCmX95L2PM9EGJv25LLQmwDLf5WGFv0e3U" />
59-->src/main/AndroidManifest.xml:29:12-67
60
61        <activity
61-->src/main/AndroidManifest.xml:31:9-52:20
62            android:name="estibafy.com.estibafy_user.MainActivity"
62-->src/main/AndroidManifest.xml:32:13-41
63            android:configChanges="orientation|keyboardHidden|keyboard|screenSize|smallestScreenSize|locale|layoutDirection|fontScale|screenLayout|density|uiMode"
63-->src/main/AndroidManifest.xml:36:13-163
64            android:exported="true"
64-->src/main/AndroidManifest.xml:33:13-36
65            android:hardwareAccelerated="true"
65-->src/main/AndroidManifest.xml:37:13-47
66            android:launchMode="singleTop"
66-->src/main/AndroidManifest.xml:34:13-43
67            android:theme="@style/LaunchTheme"
67-->src/main/AndroidManifest.xml:35:13-47
68            android:windowSoftInputMode="adjustResize" >
68-->src/main/AndroidManifest.xml:38:13-55
69
70            <!--
71                 Specifies an Android theme to apply to this Activity as soon as
72                 the Android process has started. This theme is visible to the user
73                 while the Flutter UI initializes. After that, this theme continues
74                 to determine the Window background behind the Flutter UI.
75            -->
76            <meta-data
76-->src/main/AndroidManifest.xml:43:13-46:17
77                android:name="io.flutter.embedding.android.NormalTheme"
77-->src/main/AndroidManifest.xml:44:15-70
78                android:resource="@style/NormalTheme" />
78-->src/main/AndroidManifest.xml:45:15-52
79
80            <intent-filter>
80-->src/main/AndroidManifest.xml:47:13-50:29
81                <action android:name="android.intent.action.MAIN" />
81-->src/main/AndroidManifest.xml:48:17-68
81-->src/main/AndroidManifest.xml:48:25-66
82
83                <category android:name="android.intent.category.LAUNCHER" />
83-->src/main/AndroidManifest.xml:49:17-76
83-->src/main/AndroidManifest.xml:49:27-74
84            </intent-filter>
85        </activity>
86        <!--
87             Don't delete the meta-data below.
88             This is used by the Flutter tool to generate GeneratedPluginRegistrant.java
89        -->
90        <meta-data
90-->src/main/AndroidManifest.xml:55:9-57:33
91            android:name="flutterEmbedding"
91-->src/main/AndroidManifest.xml:56:13-44
92            android:value="2" />
92-->src/main/AndroidManifest.xml:57:13-30
93        <meta-data
93-->src/main/AndroidManifest.xml:58:8-60:54
94            android:name="com.google.firebase.messaging.default_notification_channel_id"
94-->src/main/AndroidManifest.xml:59:12-88
95            android:value="high_importance_channel" />
95-->src/main/AndroidManifest.xml:60:12-51
96
97        <service
97-->[:firebase_messaging] AndroidManifest.xml:14:9-17:72
98            android:name="io.flutter.plugins.firebase.messaging.FlutterFirebaseMessagingBackgroundService"
98-->[:firebase_messaging] AndroidManifest.xml:15:13-107
99            android:exported="false"
99-->[:firebase_messaging] AndroidManifest.xml:16:13-37
100            android:permission="android.permission.BIND_JOB_SERVICE" />
100-->[:firebase_messaging] AndroidManifest.xml:17:13-69
101        <service
101-->[:firebase_messaging] AndroidManifest.xml:18:9-24:19
102            android:name="io.flutter.plugins.firebase.messaging.FlutterFirebaseMessagingService"
102-->[:firebase_messaging] AndroidManifest.xml:19:13-97
103            android:exported="false" >
103-->[:firebase_messaging] AndroidManifest.xml:20:13-37
104            <intent-filter>
104-->[:firebase_messaging] AndroidManifest.xml:21:13-23:29
105                <action android:name="com.google.firebase.MESSAGING_EVENT" />
105-->[:firebase_messaging] AndroidManifest.xml:22:17-78
105-->[:firebase_messaging] AndroidManifest.xml:22:25-75
106            </intent-filter>
107        </service>
108
109        <receiver
109-->[:firebase_messaging] AndroidManifest.xml:26:9-33:20
110            android:name="io.flutter.plugins.firebase.messaging.FlutterFirebaseMessagingReceiver"
110-->[:firebase_messaging] AndroidManifest.xml:27:13-98
111            android:exported="true"
111-->[:firebase_messaging] AndroidManifest.xml:28:13-36
112            android:permission="com.google.android.c2dm.permission.SEND" >
112-->[:firebase_messaging] AndroidManifest.xml:29:13-73
113            <intent-filter>
113-->[:firebase_messaging] AndroidManifest.xml:30:13-32:29
114                <action android:name="com.google.android.c2dm.intent.RECEIVE" />
114-->[:firebase_messaging] AndroidManifest.xml:31:17-81
114-->[:firebase_messaging] AndroidManifest.xml:31:25-78
115            </intent-filter>
116        </receiver>
117
118        <service
118-->[:firebase_messaging] AndroidManifest.xml:35:9-39:19
119            android:name="com.google.firebase.components.ComponentDiscoveryService"
119-->[:firebase_messaging] AndroidManifest.xml:35:18-89
120            android:directBootAware="true"
120-->[com.google.firebase:firebase-common:20.1.1] AndroidManifest.xml:35:13-43
121            android:exported="false" >
121-->[com.google.firebase:firebase-messaging:23.0.7] AndroidManifest.xml:55:13-37
122            <meta-data
122-->[:firebase_messaging] AndroidManifest.xml:36:13-38:85
123                android:name="com.google.firebase.components:io.flutter.plugins.firebase.messaging.FlutterFirebaseAppRegistrar"
123-->[:firebase_messaging] AndroidManifest.xml:37:17-128
124                android:value="com.google.firebase.components.ComponentRegistrar" />
124-->[:firebase_messaging] AndroidManifest.xml:38:17-82
125            <meta-data
125-->[:firebase_core] AndroidManifest.xml:11:13-13:85
126                android:name="com.google.firebase.components:io.flutter.plugins.firebase.core.FlutterFirebaseCoreRegistrar"
126-->[:firebase_core] AndroidManifest.xml:12:17-124
127                android:value="com.google.firebase.components.ComponentRegistrar" />
127-->[:firebase_core] AndroidManifest.xml:13:17-82
128            <meta-data
128-->[com.google.firebase:firebase-messaging:23.0.7] AndroidManifest.xml:56:13-58:85
129                android:name="com.google.firebase.components:com.google.firebase.messaging.FirebaseMessagingRegistrar"
129-->[com.google.firebase:firebase-messaging:23.0.7] AndroidManifest.xml:57:17-119
130                android:value="com.google.firebase.components.ComponentRegistrar" />
130-->[com.google.firebase:firebase-messaging:23.0.7] AndroidManifest.xml:58:17-82
131            <meta-data
131-->[com.google.firebase:firebase-datatransport:18.1.5] AndroidManifest.xml:28:13-30:85
132                android:name="com.google.firebase.components:com.google.firebase.datatransport.TransportRegistrar"
132-->[com.google.firebase:firebase-datatransport:18.1.5] AndroidManifest.xml:29:17-115
133                android:value="com.google.firebase.components.ComponentRegistrar" />
133-->[com.google.firebase:firebase-datatransport:18.1.5] AndroidManifest.xml:30:17-82
134            <meta-data
134-->[com.google.firebase:firebase-installations:17.0.1] AndroidManifest.xml:18:13-20:85
135                android:name="com.google.firebase.components:com.google.firebase.installations.FirebaseInstallationsRegistrar"
135-->[com.google.firebase:firebase-installations:17.0.1] AndroidManifest.xml:19:17-127
136                android:value="com.google.firebase.components.ComponentRegistrar" />
136-->[com.google.firebase:firebase-installations:17.0.1] AndroidManifest.xml:20:17-82
137        </service>
138
139        <provider
139-->[:firebase_messaging] AndroidManifest.xml:41:9-45:38
140            android:name="io.flutter.plugins.firebase.messaging.FlutterFirebaseMessagingInitProvider"
140-->[:firebase_messaging] AndroidManifest.xml:42:13-102
141            android:authorities="estibafy.com.estibafy_user.flutterfirebasemessaginginitprovider"
141-->[:firebase_messaging] AndroidManifest.xml:43:13-88
142            android:exported="false"
142-->[:firebase_messaging] AndroidManifest.xml:44:13-37
143            android:initOrder="99" />
143-->[:firebase_messaging] AndroidManifest.xml:45:13-35
144
145        <service
145-->[:geolocator_android] AndroidManifest.xml:12:9-16:56
146            android:name="com.baseflow.geolocator.GeolocatorLocationService"
146-->[:geolocator_android] AndroidManifest.xml:13:13-77
147            android:enabled="true"
147-->[:geolocator_android] AndroidManifest.xml:14:13-35
148            android:exported="false"
148-->[:geolocator_android] AndroidManifest.xml:15:13-37
149            android:foregroundServiceType="location" />
149-->[:geolocator_android] AndroidManifest.xml:16:13-53
150
151        <provider
151-->[:image_picker_android] AndroidManifest.xml:10:9-18:20
152            android:name="io.flutter.plugins.imagepicker.ImagePickerFileProvider"
152-->[:image_picker_android] AndroidManifest.xml:11:13-82
153            android:authorities="estibafy.com.estibafy_user.flutter.image_provider"
153-->[:image_picker_android] AndroidManifest.xml:12:13-74
154            android:exported="false"
154-->[:image_picker_android] AndroidManifest.xml:13:13-37
155            android:grantUriPermissions="true" >
155-->[:image_picker_android] AndroidManifest.xml:14:13-47
156            <meta-data
156-->[:image_picker_android] AndroidManifest.xml:15:13-17:75
157                android:name="android.support.FILE_PROVIDER_PATHS"
157-->[:image_picker_android] AndroidManifest.xml:16:17-67
158                android:resource="@xml/flutter_image_picker_file_paths" />
158-->[:image_picker_android] AndroidManifest.xml:17:17-72
159        </provider>
160
161        <receiver
161-->[:flutter_local_notifications] AndroidManifest.xml:16:9-18:40
162            android:name="com.dexterous.flutterlocalnotifications.ScheduledNotificationReceiver"
162-->[:flutter_local_notifications] AndroidManifest.xml:17:13-97
163            android:exported="false" />
163-->[:flutter_local_notifications] AndroidManifest.xml:18:13-37
164        <receiver
164-->[:flutter_local_notifications] AndroidManifest.xml:19:9-28:20
165            android:name="com.dexterous.flutterlocalnotifications.ScheduledNotificationBootReceiver"
165-->[:flutter_local_notifications] AndroidManifest.xml:20:13-101
166            android:exported="false" >
166-->[:flutter_local_notifications] AndroidManifest.xml:21:13-37
167            <intent-filter>
167-->[:flutter_local_notifications] AndroidManifest.xml:22:13-27:29
168                <action android:name="android.intent.action.BOOT_COMPLETED" />
168-->[:flutter_local_notifications] AndroidManifest.xml:23:17-79
168-->[:flutter_local_notifications] AndroidManifest.xml:23:25-76
169                <action android:name="android.intent.action.MY_PACKAGE_REPLACED" />
169-->[:flutter_local_notifications] AndroidManifest.xml:24:17-84
169-->[:flutter_local_notifications] AndroidManifest.xml:24:25-81
170                <action android:name="android.intent.action.QUICKBOOT_POWERON" />
170-->[:flutter_local_notifications] AndroidManifest.xml:25:17-82
170-->[:flutter_local_notifications] AndroidManifest.xml:25:25-79
171                <action android:name="com.htc.intent.action.QUICKBOOT_POWERON" />
171-->[:flutter_local_notifications] AndroidManifest.xml:26:17-82
171-->[:flutter_local_notifications] AndroidManifest.xml:26:25-79
172            </intent-filter>
173        </receiver>
174
175        <activity
175-->[:url_launcher_android] AndroidManifest.xml:10:9-13:74
176            android:name="io.flutter.plugins.urllauncher.WebViewActivity"
176-->[:url_launcher_android] AndroidManifest.xml:11:13-74
177            android:exported="false"
177-->[:url_launcher_android] AndroidManifest.xml:12:13-37
178            android:theme="@android:style/Theme.NoTitleBar.Fullscreen" />
178-->[:url_launcher_android] AndroidManifest.xml:13:13-71
179
180        <provider
180-->[:open_file] AndroidManifest.xml:14:9-23:20
181            android:name="com.crazecoder.openfile.FileProvider"
181-->[:open_file] AndroidManifest.xml:15:13-64
182            android:authorities="estibafy.com.estibafy_user.fileProvider.com.crazecoder.openfile"
182-->[:open_file] AndroidManifest.xml:16:13-88
183            android:exported="false"
183-->[:open_file] AndroidManifest.xml:17:13-37
184            android:grantUriPermissions="true" >
184-->[:open_file] AndroidManifest.xml:18:13-47
185            <meta-data
185-->[:image_picker_android] AndroidManifest.xml:15:13-17:75
186                android:name="android.support.FILE_PROVIDER_PATHS"
186-->[:image_picker_android] AndroidManifest.xml:16:17-67
187                android:resource="@xml/filepaths" />
187-->[:image_picker_android] AndroidManifest.xml:17:17-72
188        </provider>
189
190        <service
190-->[:location] AndroidManifest.xml:13:9-17:56
191            android:name="com.lyokone.location.FlutterLocationService"
191-->[:location] AndroidManifest.xml:14:13-71
192            android:enabled="true"
192-->[:location] AndroidManifest.xml:15:13-35
193            android:exported="false"
193-->[:location] AndroidManifest.xml:16:13-37
194            android:foregroundServiceType="location" />
194-->[:location] AndroidManifest.xml:17:13-53
195
196        <uses-library
196-->[androidx.window:window:1.0.0-beta04] AndroidManifest.xml:25:9-27:40
197            android:name="androidx.window.extensions"
197-->[androidx.window:window:1.0.0-beta04] AndroidManifest.xml:26:13-54
198            android:required="false" />
198-->[androidx.window:window:1.0.0-beta04] AndroidManifest.xml:27:13-37
199        <uses-library
199-->[androidx.window:window:1.0.0-beta04] AndroidManifest.xml:28:9-30:40
200            android:name="androidx.window.sidecar"
200-->[androidx.window:window:1.0.0-beta04] AndroidManifest.xml:29:13-51
201            android:required="false" />
201-->[androidx.window:window:1.0.0-beta04] AndroidManifest.xml:30:13-37
202
203        <receiver
203-->[com.google.firebase:firebase-messaging:23.0.7] AndroidManifest.xml:32:9-39:20
204            android:name="com.google.firebase.iid.FirebaseInstanceIdReceiver"
204-->[com.google.firebase:firebase-messaging:23.0.7] AndroidManifest.xml:33:13-78
205            android:exported="true"
205-->[com.google.firebase:firebase-messaging:23.0.7] AndroidManifest.xml:34:13-36
206            android:permission="com.google.android.c2dm.permission.SEND" >
206-->[com.google.firebase:firebase-messaging:23.0.7] AndroidManifest.xml:35:13-73
207            <intent-filter>
207-->[:firebase_messaging] AndroidManifest.xml:30:13-32:29
208                <action android:name="com.google.android.c2dm.intent.RECEIVE" />
208-->[:firebase_messaging] AndroidManifest.xml:31:17-81
208-->[:firebase_messaging] AndroidManifest.xml:31:25-78
209            </intent-filter>
210        </receiver>
211        <!--
212             FirebaseMessagingService performs security checks at runtime,
213             but set to not exported to explicitly avoid allowing another app to call it.
214        -->
215        <service
215-->[com.google.firebase:firebase-messaging:23.0.7] AndroidManifest.xml:45:9-52:19
216            android:name="com.google.firebase.messaging.FirebaseMessagingService"
216-->[com.google.firebase:firebase-messaging:23.0.7] AndroidManifest.xml:46:13-82
217            android:directBootAware="true"
217-->[com.google.firebase:firebase-messaging:23.0.7] AndroidManifest.xml:47:13-43
218            android:exported="false" >
218-->[com.google.firebase:firebase-messaging:23.0.7] AndroidManifest.xml:48:13-37
219            <intent-filter android:priority="-500" >
219-->[:firebase_messaging] AndroidManifest.xml:21:13-23:29
220                <action android:name="com.google.firebase.MESSAGING_EVENT" />
220-->[:firebase_messaging] AndroidManifest.xml:22:17-78
220-->[:firebase_messaging] AndroidManifest.xml:22:25-75
221            </intent-filter>
222        </service>
223
224        <provider
224-->[com.google.firebase:firebase-common:20.1.1] AndroidManifest.xml:26:9-31:39
225            android:name="com.google.firebase.provider.FirebaseInitProvider"
225-->[com.google.firebase:firebase-common:20.1.1] AndroidManifest.xml:27:13-77
226            android:authorities="estibafy.com.estibafy_user.firebaseinitprovider"
226-->[com.google.firebase:firebase-common:20.1.1] AndroidManifest.xml:28:13-72
227            android:directBootAware="true"
227-->[com.google.firebase:firebase-common:20.1.1] AndroidManifest.xml:29:13-43
228            android:exported="false"
228-->[com.google.firebase:firebase-common:20.1.1] AndroidManifest.xml:30:13-37
229            android:initOrder="100" /> <!-- Needs to be explicitly declared on P+ -->
229-->[com.google.firebase:firebase-common:20.1.1] AndroidManifest.xml:31:13-36
230        <uses-library
230-->[com.google.android.gms:play-services-maps:18.0.2] AndroidManifest.xml:39:9-41:40
231            android:name="org.apache.http.legacy"
231-->[com.google.android.gms:play-services-maps:18.0.2] AndroidManifest.xml:40:13-50
232            android:required="false" />
232-->[com.google.android.gms:play-services-maps:18.0.2] AndroidManifest.xml:41:13-37
233
234        <activity
234-->[com.google.android.gms:play-services-base:18.0.1] AndroidManifest.xml:20:9-22:45
235            android:name="com.google.android.gms.common.api.GoogleApiActivity"
235-->[com.google.android.gms:play-services-base:18.0.1] AndroidManifest.xml:20:19-85
236            android:exported="false"
236-->[com.google.android.gms:play-services-base:18.0.1] AndroidManifest.xml:22:19-43
237            android:theme="@android:style/Theme.Translucent.NoTitleBar" />
237-->[com.google.android.gms:play-services-base:18.0.1] AndroidManifest.xml:21:19-78
238
239        <meta-data
239-->[com.google.android.gms:play-services-basement:18.0.0] AndroidManifest.xml:21:9-23:69
240            android:name="com.google.android.gms.version"
240-->[com.google.android.gms:play-services-basement:18.0.0] AndroidManifest.xml:22:13-58
241            android:value="@integer/google_play_services_version" />
241-->[com.google.android.gms:play-services-basement:18.0.0] AndroidManifest.xml:23:13-66
242
243        <service
243-->[com.google.android.datatransport:transport-backend-cct:3.1.6] AndroidManifest.xml:29:9-35:19
244            android:name="com.google.android.datatransport.runtime.backends.TransportBackendDiscovery"
244-->[com.google.android.datatransport:transport-backend-cct:3.1.6] AndroidManifest.xml:30:13-103
245            android:exported="false" >
245-->[com.google.android.datatransport:transport-backend-cct:3.1.6] AndroidManifest.xml:31:13-37
246            <meta-data
246-->[com.google.android.datatransport:transport-backend-cct:3.1.6] AndroidManifest.xml:32:13-34:39
247                android:name="backend:com.google.android.datatransport.cct.CctBackendFactory"
247-->[com.google.android.datatransport:transport-backend-cct:3.1.6] AndroidManifest.xml:33:17-94
248                android:value="cct" />
248-->[com.google.android.datatransport:transport-backend-cct:3.1.6] AndroidManifest.xml:34:17-36
249        </service>
250        <service
250-->[com.google.android.datatransport:transport-runtime:3.1.6] AndroidManifest.xml:26:9-30:19
251            android:name="com.google.android.datatransport.runtime.scheduling.jobscheduling.JobInfoSchedulerService"
251-->[com.google.android.datatransport:transport-runtime:3.1.6] AndroidManifest.xml:27:13-117
252            android:exported="false"
252-->[com.google.android.datatransport:transport-runtime:3.1.6] AndroidManifest.xml:28:13-37
253            android:permission="android.permission.BIND_JOB_SERVICE" >
253-->[com.google.android.datatransport:transport-runtime:3.1.6] AndroidManifest.xml:29:13-69
254        </service>
255
256        <receiver
256-->[com.google.android.datatransport:transport-runtime:3.1.6] AndroidManifest.xml:32:9-34:40
257            android:name="com.google.android.datatransport.runtime.scheduling.jobscheduling.AlarmManagerSchedulerBroadcastReceiver"
257-->[com.google.android.datatransport:transport-runtime:3.1.6] AndroidManifest.xml:33:13-132
258            android:exported="false" />
258-->[com.google.android.datatransport:transport-runtime:3.1.6] AndroidManifest.xml:34:13-37
259    </application>
260
261</manifest>